2026-06-08 15:21:10,901 [INFO] ============================================================
2026-06-08 15:21:10,901 [INFO] Work Order Auto-Processor Daemon starting...
2026-06-08 15:21:10,901 [INFO] PID: 91010
2026-06-08 15:21:10,901 [INFO] DB: /home/deck/AIHandler/SCRIPTS/DatabaseHandler/DATA/Databases/Documentation.db
2026-06-08 15:21:10,901 [INFO] Poll interval: 30s
2026-06-08 15:21:10,901 [INFO] ============================================================
2026-06-08 15:21:10,901 [INFO] Registered 5 fix handlers:
2026-06-08 15:21:10,901 [INFO]   [description] pattern='gpu.*bridge.*disconnect|bridge.*not.*import|gpu.*integration' → _handle_amd_gpu_detection
2026-06-08 15:21:10,901 [INFO]   [description] pattern='amd.*gpu.*detection.*flaw|amd.*detect|lspci' → _handle_amd_gpu_detection
2026-06-08 15:21:10,901 [INFO]   [description] pattern='read_files.*offset.*bug|offset.*bug|truncation.*marker' → _handle_read_files_offset_bug
2026-06-08 15:21:10,901 [INFO]   [description] pattern='resource.*starvation|fork.*resource.*unavailable' → _handle_resource_starvation
2026-06-08 15:21:10,901 [INFO]   [description] pattern='restart.*fastmcp|fastmcp.*restart|restart.*server' → _handle_fastmcp_restart
2026-06-08 15:21:10,902 [INFO] Cycle #1: Found 7 pending work orders
2026-06-08 15:21:10,902 [INFO] Processing order #885: [P0] FINAL: Restart FastMCP server after all GPU/THREAD fixes and validate it starts clean. If serve...
2026-06-08 15:21:10,903 [INFO] Order #885: matched handler '_handle_fastmcp_restart'
2026-06-08 15:21:10,930 [INFO] Killed FastMCP server PID 90934
2026-06-08 15:21:13,971 [INFO] Received signal 15, shutting down...
2026-06-08 15:21:13,971 [INFO] Received signal 15, shutting down...
2026-06-08 15:21:13,971 [INFO] Received signal 15, shutting down...
2026-06-08 15:21:13,971 [INFO] Received signal 15, shutting down...
2026-06-08 15:21:13,972 [INFO] Received signal 15, shutting down...
2026-06-08 15:21:13,972 [INFO] Received signal 15, shutting down...
2026-06-08 15:21:13,972 [INFO] Received signal 15, shutting down...
2026-06-08 15:21:13,972 [INFO] Received signal 15, shutting down...
2026-06-08 15:21:13,973 [INFO] Received signal 15, shutting down...
2026-06-08 15:21:13,984 [INFO] Received signal 15, shutting down...
2026-06-08 15:21:13,984 [INFO] Order #885: status → pending
2026-06-08 15:21:13,984 [INFO] Received signal 15, shutting down...
2026-06-08 15:21:13,985 [INFO] Received signal 15, shutting down...
2026-06-08 15:21:13,992 [INFO] Received signal 15, shutting down...
2026-06-08 15:21:13,992 [INFO] Received signal 15, shutting down...
2026-06-08 15:21:13,993 [INFO] Runner advanced: fail on order #885
2026-06-08 15:21:13,993 [WARNING] Order #885: AUTO-FAILED ✗
2026-06-08 15:21:13,993 [INFO] Work Order Auto-Processor Daemon stopped.
2026-06-08 15:21:13,993 [INFO] Final stats: {
  "processed": 1,
  "auto_fixed": 0,
  "deferred": 0,
  "failed": 1,
  "cycles": 1
}
2026-06-08 15:21:13,993 [INFO] Received signal 15, shutting down...
